[20:04:58] [ERROR] CConnection::CConnection - establishing connection to MySQL database failed: #2002 'Can't connect to MySQL server on 'localhost' (10061)'
[20:05:00] [ERROR] CConnection::CConnection - establishing connection to MySQL database failed: #2002 'Can't connect to MySQL server on 'localhost' (10061)'
[20:05:02] [ERROR] CConnection::CConnection - establishing connection to MySQL database failed: #2002 'Can't connect to MySQL server on 'localhost' (10061)'
[20:05:04] [ERROR] CConnection::CConnection - establishing connection to MySQL database failed: #2002 'Can't connect to MySQL server on 'localhost' (10061)'
[20:05:33] [ERROR] CConnection::CConnection - establishing connection to MySQL database failed: #2002 'Can't connect to MySQL server on 'localhost' (10061)'
[20:05:35] [ERROR] CConnection::CConnection - establishing connection to MySQL database failed: #2002 'Can't connect to MySQL server on 'localhost' (10061)'
[20:09:41] [ERROR] CConnection::CConnection - establishing connection to MySQL database failed: #2002 'Can't connect to MySQL server on 'localhost' (10061)'
[20:09:43] [ERROR] CConnection::CConnection - establishing connection to MySQL database failed: #2002 'Can't connect to MySQL server on 'localhost' (10061)'
[20:09:45] [ERROR] CConnection::CConnection - establishing connection to MySQL database failed: #2002 'Can't connect to MySQL server on 'localhost' (10061)'
[20:09:48] [ERROR] CConnection::CConnection - establishing connection to MySQL database failed: #2002 'Can't connect to MySQL server on 'localhost' (10061)'
[20:18:01] [WARNING] mysql_connect: no password specified
[20:18:04] [WARNING] mysql_connect: no password specified
[22:41:53] [WARNING] mysql_connect: no password specified
[11:03:19] [WARNING] mysql_connect: no password specified
[11:03:23] [ERROR] CConnection::CConnection - establishing connection to MySQL database failed: #2002 'Can't connect to MySQL server on 'localhost' (10061)'
[11:03:27] [ERROR] CConnection::CConnection - establishing connection to MySQL database failed: #2002 'Can't connect to MySQL server on 'localhost' (10061)'
[11:03:32] [ERROR] CConnection::CConnection - establishing connection to MySQL database failed: #2002 'Can't connect to MySQL server on 'localhost' (10061)'
[11:03:36] [ERROR] CConnection::CConnection - establishing connection to MySQL database failed: #2002 'Can't connect to MySQL server on 'localhost' (10061)'
[11:10:53] [WARNING] mysql_connect: no password specified
[11:10:58] [ERROR] CConnection::CConnection - establishing connection to MySQL database failed: #2002 'Can't connect to MySQL server on 'localhost' (10061)'
[11:11:02] [ERROR] CConnection::CConnection - establishing connection to MySQL database failed: #2002 'Can't connect to MySQL server on 'localhost' (10061)'
[11:11:06] [ERROR] CConnection::CConnection - establishing connection to MySQL database failed: #2002 'Can't connect to MySQL server on 'localhost' (10061)'
[11:11:10] [ERROR] CConnection::CConnection - establishing connection to MySQL database failed: #2002 'Can't connect to MySQL server on 'localhost' (10061)'
[11:22:52] [WARNING] mysql_connect: no password specified
[11:22:52] [ERROR] CConnection::CConnection - establishing connection to MySQL database failed: #1049 'Unknown database 'dm_server''
[11:22:52] [ERROR] CConnection::CConnection - establishing connection to MySQL database failed: #1049 'Unknown database 'dm_server''
[11:22:52] [ERROR] CConnection::CConnection - establishing connection to MySQL database failed: #1049 'Unknown database 'dm_server''
[11:22:52] [ERROR] CConnection::CConnection - establishing connection to MySQL database failed: #1049 'Unknown database 'dm_server''
[11:23:23] [WARNING] mysql_connect: no password specified
[11:23:23] [ERROR] CConnection::CConnection - establishing connection to MySQL database failed: #1049 'Unknown database 'dm_server''
[11:23:23] [ERROR] CConnection::CConnection - establishing connection to MySQL database failed: #1049 'Unknown database 'dm_server''
[11:23:23] [ERROR] CConnection::CConnection - establishing connection to MySQL database failed: #1049 'Unknown database 'dm_server''
[11:23:23] [ERROR] CConnection::CConnection - establishing connection to MySQL database failed: #1049 'Unknown database 'dm_server''
[20:35:03] [WARNING] mysql_connect: no password specified
[20:41:36] [WARNING] mysql_connect: no password specified
[20:42:03] [ERROR] mysql_format: no value for specifier '%e' passed
[20:42:03] [ERROR] error #1065 while executing query "": Query was empty
[20:44:03] [WARNING] mysql_connect: no password specified
[21:02:15] [WARNING] mysql_connect: no password specified
[21:05:26] [WARNING] mysql_connect: no password specified
[21:18:09] [WARNING] mysql_connect: no password specified
[21:21:57] [WARNING] mysql_connect: no password specified
[21:23:33] [WARNING] mysql_connect: no password specified
[21:26:51] [WARNING] mysql_connect: no password specified
[21:38:42] [WARNING] mysql_connect: no password specified
[21:43:01] [WARNING] mysql_connect: no password specified
[22:07:37] [WARNING] mysql_connect: no password specified
[22:08:19] [ERROR] mysql_format: destination size '59' is too small
[22:08:19] [ERROR] error #1065 while executing query "": Query was empty
[22:08:35] [WARNING] mysql_connect: no password specified
[22:09:32] [WARNING] mysql_connect: no password specified
